<?xml version="1.0" encoding="UTF-8"?>
<!-- Generated by org.testng.reporters.JUnitReportReporter -->
<testsuite hostname="Dungeon_master" failures="0" tests="1" name="royanmobiletesting.AppiumBasics" time="7.668" errors="0" timestamp="2025-08-04T11:25:16 IST" skipped="0">
  <testcase classname="royanmobiletesting.AppiumBasics" name="AppiumTest" time="7.668"/>
</testsuite> <!-- royanmobiletesting.AppiumBasics -->
