<?xml version="1.0" encoding="UTF-8"?>
<!-- Generated by org.testng.reporters.JUnitReportReporter -->
<testsuite hostname="Dungeon_master" failures="0" tests="1" name="royanmobiletesting1.KeyPressed" time="21.658" errors="0" timestamp="2025-08-05T16:56:41 IST" skipped="0">
  <testcase classname="royanmobiletesting1.KeyPressed" name="KeyPresses" time="21.658"/>
</testsuite> <!-- royanmobiletesting1.KeyPressed -->
