<?xml version="1.0" encoding="UTF-8"?>
<!-- Generated by org.testng.reporters.JUnitReportReporter -->
<testsuite hostname="Dungeon_master" failures="0" tests="1" name="royanmobiletesting.DragDropDemo" time="9.940" errors="0" timestamp="2025-08-04T23:16:25 IST" skipped="0">
  <testcase classname="royanmobiletesting.DragDropDemo" name="DragDropDemos" time="9.940"/>
</testsuite> <!-- royanmobiletesting.DragDropDemo -->
