<?xml version="1.0" encoding="UTF-8"?>
<!-- Generated by org.testng.reporters.JUnitReportReporter -->
<testsuite hostname="Dungeon_master" failures="0" tests="1" name="royanmobiletesting.SwipeDemo" time="10.181" errors="0" timestamp="2025-08-04T22:51:45 IST" skipped="0">
  <testcase classname="royanmobiletesting.SwipeDemo" name="SwipeDemos" time="10.181"/>
</testsuite> <!-- royanmobiletesting.SwipeDemo -->
