<?xml version="1.0" encoding="UTF-8"?>
<!-- Generated by org.testng.reporters.JUnitReportReporter -->
<testsuite hostname="Dungeon_master" failures="0" tests="1" name="royanmobiletesting1.ValidateTest" time="5.219" errors="0" timestamp="2025-08-05T17:09:56 IST" skipped="0">
  <testcase classname="royanmobiletesting1.ValidateTest" name="ValidateTests" time="5.219"/>
</testsuite> <!-- royanmobiletesting1.ValidateTest -->
