<?xml version="1.0" encoding="UTF-8"?>
<!-- Generated by org.testng.reporters.JUnitReportReporter -->
<testsuite hostname="Dungeon_master" failures="0" tests="1" name="royanmobiletesting.LongPress" time="10.916" errors="0" timestamp="2025-08-04T20:33:57 IST" skipped="0">
  <testcase classname="royanmobiletesting.LongPress" name="LongPressGesture" time="10.916"/>
</testsuite> <!-- royanmobiletesting.LongPress -->
